[15:22:47] [Server thread/INFO]: Starting minecraft server version 1.15.2
[15:22:47] [Server thread/INFO]: Loading properties
[15:22:47] [Server thread/INFO]: This server is running Paper version git-Paper-131 (MC: 1.15.2) (Implementing API version 1.15.2-R0.1-SNAPSHOT)
[15:22:47] [Server thread/INFO]: Debug logging is disabled
[15:22:47] [Server thread/INFO]: Server Ping Player Sample Count: 12
[15:22:47] [Server thread/INFO]: Using 4 threads for Netty based IO
[15:22:47] [Server thread/INFO]: Default game type: CREATIVE
[15:22:47] [Server thread/INFO]: Generating keypair
[15:22:48] [Server thread/INFO]: Starting Minecraft server on *:25565
[15:22:48] [Server thread/INFO]: Using epoll channel type
[15:22:49] [Server thread/INFO]: [WorldEdit] Loading WorldEdit v7.1.0;8e55131
[15:22:50] [Server thread/INFO]: Got request to register class com.sk89q.worldedit.bukkit.BukkitServerInterface with WorldEdit [com.sk89q.worldedit.extension.platform.PlatformManager@12642cdc]
[15:22:50] [Server thread/INFO]: [Vault] Loading Vault v1.7.2-b107
[15:22:50] [Server thread/INFO]: [Essentials] Loading Essentials v2.17.2.4
[15:22:50] [Server thread/INFO]: [EssentialsSpawn] Loading EssentialsSpawn v2.17.2.4
[15:22:50] [Server thread/INFO]: [ProtocolLib] Loading ProtocolLib v4.5.0
[15:22:50] [Server thread/WARN]: [ProtocolLib] Version (MC: 1.15.2) has not yet been tested! Proceed with caution.
[15:22:51] [Server thread/INFO]: Server permissions file permissions.yml is empty, ignoring it
[15:22:51] [Server thread/INFO]: [WorldEdit] Enabling WorldEdit v7.1.0;8e55131
[15:22:51] [Server thread/WARN]: [WorldEdit] Loaded class net.milkbowl.vault.permission.Permission from Vault v1.7.2-b107 which is not a depend, softdepend or loadbefore of this plugin.
[15:22:51] [Server thread/INFO]: WEPIF: Using the Bukkit Permissions API.
[15:22:52] [Server thread/INFO]: Using com.sk89q.worldedit.bukkit.adapter.impl.Spigot_v1_15_R2 as the Bukkit adapter
[15:22:53] [Server thread/INFO]: [Vault] Enabling Vault v1.7.2-b107
[15:22:54] [Server thread/WARN]: [Vault] Loaded class com.earth2me.essentials.api.Economy from Essentials v2.17.2.4 which is not a depend, softdepend or loadbefore of this plugin.
[15:22:54] [Server thread/INFO]: [Vault] [Economy] Essentials Economy found: Waiting
[15:22:54] [Server thread/INFO]: [Vault] [Permission] SuperPermissions loaded as backup permission system.
[15:22:54] [Server thread/INFO]: [Vault] Enabled Version 1.7.2-b107
[15:22:54] [Server thread/INFO]: WEPIF: Vault detected! Using Vault for permissions
[15:22:54] [Server thread/INFO]: [ProtocolLib] Enabling ProtocolLib v4.5.0
[15:22:54] [Server thread/INFO]: [ProtocolLib] Started structure compiler thread.
[15:22:54] [Server thread/WARN]: **** SERVER IS RUNNING IN OFFLINE/INSECURE MODE!
[15:22:54] [Server thread/WARN]: The server will make no attempt to authenticate usernames. Beware.
[15:22:54] [Server thread/WARN]: While this makes the game possible to play without internet access, it also opens up the ability for hackers to connect with any username they choose.
[15:22:54] [Server thread/WARN]: To change this, set "online-mode" to "true" in the server.properties file.
[15:22:54] [Server thread/INFO]: Preparing level "world"
[15:22:54] [Server thread/INFO]: Reloading ResourceManager: Default, bukkit
[15:22:59] [Server thread/INFO]: Loaded 6 recipes
[15:23:00] [Server thread/INFO]: Registering commands with com.sk89q.worldedit.bukkit.BukkitServerInterface
[15:23:00] [Server thread/INFO]: Preparing start region for dimension 'world'/minecraft:overworld
[15:23:00] [Server thread/INFO]: Preparing spawn area: 0%
[15:23:01] [Server thread/INFO]: Preparing spawn area: 0%
[15:23:01] [Server thread/INFO]: Preparing spawn area: 34%
[15:23:02] [Server thread/INFO]: Preparing spawn area: 100%
[15:23:04] [Server-Worker-3/INFO]: Preparing spawn area: 100%
[15:23:04] [Server-Worker-6/INFO]: Preparing spawn area: 100%
[15:23:04] [Server-Worker-1/INFO]: Preparing spawn area: 100%
[15:23:04] [Server-Worker-1/INFO]: Preparing spawn area: 100%
[15:23:04] [Server-Worker-2/INFO]: Preparing spawn area: 100%
[15:23:05] [Server-Worker-6/INFO]: Preparing spawn area: 100%
[15:23:05] [Server thread/INFO]: Preparing spawn area: 100%
[15:23:06] [Server thread/INFO]: Preparing spawn area: 100%
[15:23:06] [Server thread/INFO]: Preparing spawn area: 100%
[15:23:07] [Server-Worker-4/INFO]: Preparing spawn area: 100%
[15:23:07] [Server-Worker-4/INFO]: Preparing spawn area: 100%
[15:23:07] [Server thread/INFO]: Loaded 441 spawn chunks for world world
[15:23:07] [Server thread/INFO]: Time elapsed: 7371 ms
[15:23:07] [Server thread/INFO]: [Essentials] Enabling Essentials v2.17.2.4
[15:23:07] [Server thread/INFO]: [Essentials] Attempting to convert old kits in config.yml to new kits.yml
[15:23:07] [Server thread/INFO]: [Essentials] No kits found to migrate.
[15:23:07] [Server thread/INFO]: [Essentials] Using 1.8.3+ BlockStateMeta provider as mob spawner provider.
[15:23:07] [Server thread/INFO]: [Essentials] Using 1.13+ flat spawn egg provider as spawn egg provider.
[15:23:07] [Server thread/INFO]: [Essentials] Using 1.9+ BasePotionData provider as potion meta provider.
[15:23:08] [Server thread/INFO]: [Essentials] Loaded 21019 items from items.json.
[15:23:08] [Server thread/INFO]: [Essentials] Using locale en_US
[15:23:08] [Server thread/INFO]: [Essentials] ServerListPingEvent: Spigot iterator API
[15:23:08] [Server thread/INFO]: [Essentials] Metrics disabled per bStats config.
[15:23:08] [Server thread/INFO]: [Vault] [Vault][Economy] Essentials Economy hooked.
[15:23:08] [Server thread/INFO]: [Essentials] Using superperms-based permissions.
[15:23:08] [Server thread/INFO]: [EssentialsSpawn] Enabling EssentialsSpawn v2.17.2.4
[15:23:09] [Server thread/INFO]: Done (14.789s)! For help, type "help"
[15:23:09] [Server thread/INFO]: Timings Reset
[15:23:09] [Craft Scheduler Thread - 0/INFO]: [Vault] Checking for Updates ... 
[15:23:11] [Craft Scheduler Thread - 0/INFO]: [Vault] No new version available
[15:26:04] [Server thread/INFO]: Stopping the server
[15:26:04] [Server thread/INFO]: Stopping server
[15:26:04] [Server thread/INFO]: [ProtocolLib] Disabling ProtocolLib v4.5.0
[15:26:04] [Server thread/INFO]: [EssentialsSpawn] Disabling EssentialsSpawn v2.17.2.4
[15:26:04] [Server thread/INFO]: [Essentials] Disabling Essentials v2.17.2.4
[15:26:04] [Server thread/INFO]: [Vault] [Vault][Economy] Essentials Economy unhooked.
[15:26:04] [Server thread/INFO]: [Vault] Disabling Vault v1.7.2-b107
[15:26:04] [Server thread/INFO]: WEPIF: Vault detected! Using Vault for permissions
[15:26:04] [Server thread/INFO]: [WorldEdit] Disabling WorldEdit v7.1.0;8e55131
[15:26:04] [Server thread/INFO]: Unregistering com.sk89q.worldedit.bukkit.BukkitServerInterface from WorldEdit
[15:26:04] [Server thread/INFO]: Saving players
[15:26:04] [Server thread/INFO]: Saving worlds
[15:26:04] [Server thread/INFO]: Saving chunks for level 'world'/minecraft:overworld
[15:26:05] [Server thread/INFO]: ThreadedAnvilChunkStorage (world): All chunks are saved
[15:26:05] [Server thread/INFO]: ThreadedAnvilChunkStorage (world): All chunks are saved
